{"contracts/Curator.sol":{"l":{"53":2,"54":2,"58":2,"61":2,"64":2,"67":2,"68":2,"69":2,"70":2,"73":0,"84":2,"86":1,"87":0,"88":0,"93":1,"94":1,"97":1,"98":0,"101":1,"105":1,"106":0,"107":0,"112":1,"113":1,"116":1,"117":0,"121":1,"125":2,"126":2,"127":2,"128":2,"130":2,"134":2,"135":2,"136":2,"140":2,"143":2,"144":0,"145":0,"147":0,"148":0,"150":2,"157":2,"165":2,"166":0,"168":2,"179":2,"180":2,"181":2,"182":0,"184":2,"194":4,"195":0,"197":4,"206":2,"207":0,"209":2,"217":1,"218":0,"219":0,"222":1,"229":0,"230":0,"232":0,"234":0,"236":0,"240":0,"242":0,"244":0,"245":0,"246":0,"248":0,"251":0},"path":"/Users/i322824/Dev/musicmap/contracts/contracts/Curator.sol","s":{"1":2,"2":2,"3":2,"4":2,"5":2,"6":2,"7":2,"8":0,"9":2,"10":1,"11":0,"12":0,"13":1,"14":1,"15":1,"16":0,"17":1,"18":1,"19":0,"20":0,"21":1,"22":1,"23":1,"24":0,"25":1,"26":2,"27":2,"28":2,"29":2,"30":2,"31":2,"32":2,"33":2,"34":0,"35":0,"36":2,"37":0,"38":0,"39":2,"40":2,"41":2,"42":0,"43":2,"44":2,"45":2,"46":2,"47":0,"48":2,"49":4,"50":0,"51":4,"52":2,"53":0,"54":2,"55":1,"56":0,"57":0,"58":1,"59":0,"60":0,"61":0,"62":0,"63":0,"64":0,"65":0,"66":0,"67":0,"68":0,"69":0,"70":0,"71":0},"b":{"1":[2,0],"2":[2,0],"3":[1,1],"4":[0,0],"5":[0,1],"6":[0,0],"7":[0,1],"8":[2,0],"9":[2,0],"10":[0,2],"11":[0,2],"12":[0,2],"13":[0,2],"14":[0,4],"15":[0,2],"16":[0,0],"17":[0,0],"18":[0,0],"19":[0,0],"20":[0,0],"21":[0,0]},"f":{"1":2,"2":2,"3":2,"4":2,"5":2,"6":4,"7":2,"8":1,"9":0},"fnMap":{"1":{"name":"vouchOrReject","line":52,"loc":{"start":{"line":52,"column":4},"end":{"line":52,"column":91}}},"2":{"name":"_distributeCredits","line":81,"loc":{"start":{"line":81,"column":4},"end":{"line":81,"column":87}}},"3":{"name":"_updateAverageScore","line":156,"loc":{"start":{"line":156,"column":4},"end":{"line":156,"column":39}}},"4":{"name":"_isRejected","line":164,"loc":{"start":{"line":164,"column":4},"end":{"line":164,"column":66}}},"5":{"name":"hasUserVotedForTrack","line":178,"loc":{"start":{"line":178,"column":4},"end":{"line":178,"column":92}}},"6":{"name":"_hashCompare","line":193,"loc":{"start":{"line":193,"column":4},"end":{"line":193,"column":83}}},"7":{"name":"_isVoteCapReached","line":205,"loc":{"start":{"line":205,"column":4},"end":{"line":205,"column":70}}},"8":{"name":"resetVoteCount","line":216,"loc":{"start":{"line":216,"column":4},"end":{"line":216,"column":47}}},"9":{"name":"_applyRelevantPenalties","line":228,"loc":{"start":{"line":228,"column":4},"end":{"line":228,"column":60}}}},"statementMap":{"1":{"start":{"line":58,"column":8},"end":{"line":58,"column":34}},"2":{"start":{"line":61,"column":8},"end":{"line":61,"column":62}},"3":{"start":{"line":64,"column":8},"end":{"line":64,"column":2946}},"4":{"start":{"line":67,"column":12},"end":{"line":67,"column":3201}},"5":{"start":{"line":68,"column":16},"end":{"line":68,"column":62}},"6":{"start":{"line":69,"column":16},"end":{"line":69,"column":36}},"7":{"start":{"line":70,"column":16},"end":{"line":70,"column":27}},"8":{"start":{"line":73,"column":8},"end":{"line":73,"column":20}},"9":{"start":{"line":84,"column":8},"end":{"line":84,"column":3837}},"10":{"start":{"line":86,"column":12},"end":{"line":86,"column":3922}},"11":{"start":{"line":87,"column":16},"end":{"line":87,"column":3983}},"12":{"start":{"line":88,"column":20},"end":{"line":88,"column":63}},"13":{"start":{"line":93,"column":12},"end":{"line":93,"column":62}},"14":{"start":{"line":94,"column":12},"end":{"line":94,"column":67}},"15":{"start":{"line":97,"column":12},"end":{"line":97,"column":4509}},"16":{"start":{"line":98,"column":16},"end":{"line":98,"column":51}},"17":{"start":{"line":101,"column":12},"end":{"line":101,"column":26}},"18":{"start":{"line":105,"column":12},"end":{"line":105,"column":4807}},"19":{"start":{"line":106,"column":16},"end":{"line":106,"column":4868}},"20":{"start":{"line":107,"column":20},"end":{"line":107,"column":64}},"21":{"start":{"line":112,"column":12},"end":{"line":112,"column":63}},"22":{"start":{"line":113,"column":12},"end":{"line":113,"column":68}},"23":{"start":{"line":116,"column":12},"end":{"line":116,"column":5398}},"24":{"start":{"line":117,"column":16},"end":{"line":117,"column":51}},"25":{"start":{"line":121,"column":12},"end":{"line":121,"column":26}},"26":{"start":{"line":125,"column":8},"end":{"line":125,"column":5704}},"27":{"start":{"line":126,"column":12},"end":{"line":126,"column":53}},"28":{"start":{"line":128,"column":12},"end":{"line":128,"column":27}},"29":{"start":{"line":130,"column":12},"end":{"line":130,"column":58}},"30":{"start":{"line":134,"column":8},"end":{"line":134,"column":6167}},"31":{"start":{"line":135,"column":12},"end":{"line":135,"column":44}},"32":{"start":{"line":140,"column":8},"end":{"line":140,"column":46}},"33":{"start":{"line":143,"column":8},"end":{"line":143,"column":6483}},"34":{"start":{"line":144,"column":12},"end":{"line":144,"column":60}},"35":{"start":{"line":145,"column":12},"end":{"line":145,"column":45}},"36":{"start":{"line":146,"column":14},"end":{"line":146,"column":6671}},"37":{"start":{"line":147,"column":12},"end":{"line":147,"column":60}},"38":{"start":{"line":148,"column":12},"end":{"line":148,"column":45}},"39":{"start":{"line":150,"column":12},"end":{"line":150,"column":58}},"40":{"start":{"line":157,"column":8},"end":{"line":157,"column":52}},"41":{"start":{"line":165,"column":8},"end":{"line":165,"column":7446}},"42":{"start":{"line":166,"column":12},"end":{"line":166,"column":23}},"43":{"start":{"line":168,"column":8},"end":{"line":168,"column":20}},"44":{"start":{"line":179,"column":6},"end":{"line":179,"column":54}},"45":{"start":{"line":180,"column":6},"end":{"line":180,"column":56}},"46":{"start":{"line":181,"column":6},"end":{"line":181,"column":8070}},"47":{"start":{"line":182,"column":10},"end":{"line":182,"column":21}},"48":{"start":{"line":184,"column":10},"end":{"line":184,"column":22}},"49":{"start":{"line":194,"column":8},"end":{"line":194,"column":8548}},"50":{"start":{"line":195,"column":12},"end":{"line":195,"column":23}},"51":{"start":{"line":197,"column":12},"end":{"line":197,"column":24}},"52":{"start":{"line":206,"column":8},"end":{"line":206,"column":9011}},"53":{"start":{"line":207,"column":12},"end":{"line":207,"column":23}},"54":{"start":{"line":209,"column":12},"end":{"line":209,"column":24}},"55":{"start":{"line":217,"column":8},"end":{"line":217,"column":9332}},"56":{"start":{"line":218,"column":12},"end":{"line":218,"column":9389}},"57":{"start":{"line":219,"column":16},"end":{"line":219,"column":58}},"58":{"start":{"line":222,"column":8},"end":{"line":222,"column":19}},"59":{"start":{"line":229,"column":8},"end":{"line":229,"column":9793}},"60":{"start":{"line":230,"column":12},"end":{"line":230,"column":9865}},"61":{"start":{"line":232,"column":16},"end":{"line":232,"column":10038}},"62":{"start":{"line":234,"column":20},"end":{"line":234,"column":164}},"63":{"start":{"line":236,"column":20},"end":{"line":236,"column":77}},"64":{"start":{"line":239,"column":14},"end":{"line":239,"column":10554}},"65":{"start":{"line":240,"column":12},"end":{"line":240,"column":10626}},"66":{"start":{"line":242,"column":16},"end":{"line":242,"column":10798}},"67":{"start":{"line":244,"column":20},"end":{"line":244,"column":83}},"68":{"start":{"line":245,"column":20},"end":{"line":245,"column":11121}},"69":{"start":{"line":246,"column":23},"end":{"line":246,"column":117}},"70":{"start":{"line":248,"column":23},"end":{"line":248,"column":117}},"71":{"start":{"line":251,"column":20},"end":{"line":251,"column":77}}},"branchMap":{"1":{"line":64,"type":"if","locations":[{"start":{"line":64,"column":8},"end":{"line":64,"column":8}},{"start":{"line":64,"column":8},"end":{"line":64,"column":8}}]},"2":{"line":67,"type":"if","locations":[{"start":{"line":67,"column":12},"end":{"line":67,"column":12}},{"start":{"line":67,"column":12},"end":{"line":67,"column":12}}]},"3":{"line":84,"type":"if","locations":[{"start":{"line":84,"column":8},"end":{"line":84,"column":8}},{"start":{"line":84,"column":8},"end":{"line":84,"column":8}}]},"4":{"line":87,"type":"if","locations":[{"start":{"line":87,"column":16},"end":{"line":87,"column":16}},{"start":{"line":87,"column":16},"end":{"line":87,"column":16}}]},"5":{"line":97,"type":"if","locations":[{"start":{"line":97,"column":12},"end":{"line":97,"column":12}},{"start":{"line":97,"column":12},"end":{"line":97,"column":12}}]},"6":{"line":106,"type":"if","locations":[{"start":{"line":106,"column":16},"end":{"line":106,"column":16}},{"start":{"line":106,"column":16},"end":{"line":106,"column":16}}]},"7":{"line":116,"type":"if","locations":[{"start":{"line":116,"column":12},"end":{"line":116,"column":12}},{"start":{"line":116,"column":12},"end":{"line":116,"column":12}}]},"8":{"line":125,"type":"if","locations":[{"start":{"line":125,"column":8},"end":{"line":125,"column":8}},{"start":{"line":125,"column":8},"end":{"line":125,"column":8}}]},"9":{"line":134,"type":"if","locations":[{"start":{"line":134,"column":8},"end":{"line":134,"column":8}},{"start":{"line":134,"column":8},"end":{"line":134,"column":8}}]},"10":{"line":143,"type":"if","locations":[{"start":{"line":143,"column":8},"end":{"line":143,"column":8}},{"start":{"line":143,"column":8},"end":{"line":143,"column":8}}]},"11":{"line":146,"type":"if","locations":[{"start":{"line":146,"column":14},"end":{"line":146,"column":14}},{"start":{"line":146,"column":14},"end":{"line":146,"column":14}}]},"12":{"line":165,"type":"if","locations":[{"start":{"line":165,"column":8},"end":{"line":165,"column":8}},{"start":{"line":165,"column":8},"end":{"line":165,"column":8}}]},"13":{"line":181,"type":"if","locations":[{"start":{"line":181,"column":6},"end":{"line":181,"column":6}},{"start":{"line":181,"column":6},"end":{"line":181,"column":6}}]},"14":{"line":194,"type":"if","locations":[{"start":{"line":194,"column":8},"end":{"line":194,"column":8}},{"start":{"line":194,"column":8},"end":{"line":194,"column":8}}]},"15":{"line":206,"type":"if","locations":[{"start":{"line":206,"column":8},"end":{"line":206,"column":8}},{"start":{"line":206,"column":8},"end":{"line":206,"column":8}}]},"16":{"line":218,"type":"if","locations":[{"start":{"line":218,"column":12},"end":{"line":218,"column":12}},{"start":{"line":218,"column":12},"end":{"line":218,"column":12}}]},"17":{"line":229,"type":"if","locations":[{"start":{"line":229,"column":8},"end":{"line":229,"column":8}},{"start":{"line":229,"column":8},"end":{"line":229,"column":8}}]},"18":{"line":232,"type":"if","locations":[{"start":{"line":232,"column":16},"end":{"line":232,"column":16}},{"start":{"line":232,"column":16},"end":{"line":232,"column":16}}]},"19":{"line":239,"type":"if","locations":[{"start":{"line":239,"column":14},"end":{"line":239,"column":14}},{"start":{"line":239,"column":14},"end":{"line":239,"column":14}}]},"20":{"line":242,"type":"if","locations":[{"start":{"line":242,"column":16},"end":{"line":242,"column":16}},{"start":{"line":242,"column":16},"end":{"line":242,"column":16}}]},"21":{"line":245,"type":"if","locations":[{"start":{"line":245,"column":20},"end":{"line":245,"column":20}},{"start":{"line":245,"column":20},"end":{"line":245,"column":20}}]}}}}