{"contracts/Curator.sol":{"l":{"52":5,"54":5,"57":5,"60":5,"63":5,"64":5,"65":5,"66":5,"69":0,"79":5,"81":1,"82":1,"83":0,"84":0,"89":1,"90":1,"93":1,"94":0,"97":1,"101":4,"102":4,"103":0,"104":0,"109":4,"110":4,"113":4,"114":0,"118":4,"122":5,"123":5,"124":5,"125":5,"127":5,"131":5,"132":5,"133":5,"137":5,"140":5,"141":0,"142":0,"144":0,"145":0,"147":5,"153":5,"160":5,"161":0,"163":5,"173":5,"174":5,"175":5,"176":0,"178":5,"187":10,"188":0,"190":10,"198":5,"199":0,"201":5,"208":1,"209":1,"210":0,"211":0,"214":1,"220":0,"221":0,"222":0,"224":0,"226":0,"228":0,"232":0,"233":0,"235":0,"237":0,"238":0,"239":0,"241":0,"244":0},"path":"/Users/i322824/Dev/musicmap/contracts/contracts/Curator.sol","s":{"1":5,"2":5,"3":5,"4":5,"5":5,"6":5,"7":5,"8":5,"9":0,"10":5,"11":1,"12":1,"13":0,"14":0,"15":1,"16":1,"17":1,"18":0,"19":1,"20":4,"21":4,"22":0,"23":0,"24":4,"25":4,"26":4,"27":0,"28":4,"29":5,"30":5,"31":5,"32":5,"33":5,"34":5,"35":5,"36":5,"37":0,"38":0,"39":5,"40":0,"41":0,"42":5,"43":5,"44":5,"45":0,"46":5,"47":5,"48":5,"49":5,"50":0,"51":5,"52":10,"53":0,"54":10,"55":5,"56":0,"57":5,"58":1,"59":1,"60":0,"61":0,"62":1,"63":0,"64":0,"65":0,"66":0,"67":0,"68":0,"69":0,"70":0,"71":0,"72":0,"73":0,"74":0,"75":0,"76":0,"77":0},"b":{"1":[5,0],"2":[5,0],"3":[1,4],"4":[0,0],"5":[0,1],"6":[0,0],"7":[0,4],"8":[5,0],"9":[5,0],"10":[0,5],"11":[0,5],"12":[0,5],"13":[0,5],"14":[0,10],"15":[0,5],"16":[0,0],"17":[0,0],"18":[0,0],"19":[0,0],"20":[0,0],"21":[0,0]},"f":{"1":5,"2":5,"3":5,"4":5,"5":5,"6":10,"7":5,"8":1,"9":0},"fnMap":{"1":{"name":"vouchOrReject","line":51,"loc":{"start":{"line":51,"column":4},"end":{"line":51,"column":91}}},"2":{"name":"_distributeCredits","line":76,"loc":{"start":{"line":76,"column":4},"end":{"line":76,"column":87}}},"3":{"name":"_updateAverageScore","line":152,"loc":{"start":{"line":152,"column":4},"end":{"line":152,"column":39}}},"4":{"name":"_isRejected","line":159,"loc":{"start":{"line":159,"column":4},"end":{"line":159,"column":66}}},"5":{"name":"hasUserVotedForTrack","line":172,"loc":{"start":{"line":172,"column":4},"end":{"line":172,"column":92}}},"6":{"name":"_hashCompare","line":186,"loc":{"start":{"line":186,"column":4},"end":{"line":186,"column":83}}},"7":{"name":"_isVoteCapReached","line":197,"loc":{"start":{"line":197,"column":4},"end":{"line":197,"column":70}}},"8":{"name":"resetVoteCount","line":207,"loc":{"start":{"line":207,"column":4},"end":{"line":207,"column":47}}},"9":{"name":"_applyRelevantPenalties","line":219,"loc":{"start":{"line":219,"column":4},"end":{"line":219,"column":60}}}},"statementMap":{"1":{"start":{"line":52,"column":8},"end":{"line":52,"column":65}},"2":{"start":{"line":54,"column":8},"end":{"line":54,"column":34}},"3":{"start":{"line":57,"column":8},"end":{"line":57,"column":62}},"4":{"start":{"line":60,"column":8},"end":{"line":60,"column":2872}},"5":{"start":{"line":63,"column":12},"end":{"line":63,"column":3127}},"6":{"start":{"line":64,"column":16},"end":{"line":64,"column":62}},"7":{"start":{"line":65,"column":16},"end":{"line":65,"column":36}},"8":{"start":{"line":66,"column":16},"end":{"line":66,"column":27}},"9":{"start":{"line":69,"column":8},"end":{"line":69,"column":20}},"10":{"start":{"line":79,"column":8},"end":{"line":79,"column":3735}},"11":{"start":{"line":81,"column":12},"end":{"line":81,"column":51}},"12":{"start":{"line":82,"column":12},"end":{"line":82,"column":3874}},"13":{"start":{"line":83,"column":16},"end":{"line":83,"column":3937}},"14":{"start":{"line":84,"column":20},"end":{"line":84,"column":63}},"15":{"start":{"line":89,"column":12},"end":{"line":89,"column":62}},"16":{"start":{"line":90,"column":12},"end":{"line":90,"column":67}},"17":{"start":{"line":93,"column":12},"end":{"line":93,"column":4463}},"18":{"start":{"line":94,"column":16},"end":{"line":94,"column":51}},"19":{"start":{"line":97,"column":12},"end":{"line":97,"column":26}},"20":{"start":{"line":101,"column":12},"end":{"line":101,"column":51}},"21":{"start":{"line":102,"column":12},"end":{"line":102,"column":4815}},"22":{"start":{"line":103,"column":16},"end":{"line":103,"column":4878}},"23":{"start":{"line":104,"column":20},"end":{"line":104,"column":64}},"24":{"start":{"line":109,"column":12},"end":{"line":109,"column":63}},"25":{"start":{"line":110,"column":12},"end":{"line":110,"column":68}},"26":{"start":{"line":113,"column":12},"end":{"line":113,"column":5408}},"27":{"start":{"line":114,"column":16},"end":{"line":114,"column":51}},"28":{"start":{"line":118,"column":12},"end":{"line":118,"column":26}},"29":{"start":{"line":122,"column":8},"end":{"line":122,"column":5714}},"30":{"start":{"line":123,"column":12},"end":{"line":123,"column":53}},"31":{"start":{"line":125,"column":12},"end":{"line":125,"column":27}},"32":{"start":{"line":127,"column":12},"end":{"line":127,"column":58}},"33":{"start":{"line":131,"column":8},"end":{"line":131,"column":6177}},"34":{"start":{"line":132,"column":12},"end":{"line":132,"column":44}},"35":{"start":{"line":137,"column":8},"end":{"line":137,"column":46}},"36":{"start":{"line":140,"column":8},"end":{"line":140,"column":6493}},"37":{"start":{"line":141,"column":12},"end":{"line":141,"column":60}},"38":{"start":{"line":142,"column":12},"end":{"line":142,"column":45}},"39":{"start":{"line":143,"column":14},"end":{"line":143,"column":6681}},"40":{"start":{"line":144,"column":12},"end":{"line":144,"column":60}},"41":{"start":{"line":145,"column":12},"end":{"line":145,"column":45}},"42":{"start":{"line":147,"column":12},"end":{"line":147,"column":58}},"43":{"start":{"line":153,"column":8},"end":{"line":153,"column":52}},"44":{"start":{"line":160,"column":8},"end":{"line":160,"column":7400}},"45":{"start":{"line":161,"column":12},"end":{"line":161,"column":23}},"46":{"start":{"line":163,"column":8},"end":{"line":163,"column":20}},"47":{"start":{"line":173,"column":6},"end":{"line":173,"column":54}},"48":{"start":{"line":174,"column":6},"end":{"line":174,"column":56}},"49":{"start":{"line":175,"column":6},"end":{"line":175,"column":7996}},"50":{"start":{"line":176,"column":10},"end":{"line":176,"column":21}},"51":{"start":{"line":178,"column":10},"end":{"line":178,"column":22}},"52":{"start":{"line":187,"column":8},"end":{"line":187,"column":8446}},"53":{"start":{"line":188,"column":12},"end":{"line":188,"column":23}},"54":{"start":{"line":190,"column":12},"end":{"line":190,"column":24}},"55":{"start":{"line":198,"column":8},"end":{"line":198,"column":8881}},"56":{"start":{"line":199,"column":12},"end":{"line":199,"column":23}},"57":{"start":{"line":201,"column":12},"end":{"line":201,"column":24}},"58":{"start":{"line":208,"column":8},"end":{"line":208,"column":47}},"59":{"start":{"line":209,"column":8},"end":{"line":209,"column":9224}},"60":{"start":{"line":210,"column":12},"end":{"line":210,"column":9283}},"61":{"start":{"line":211,"column":16},"end":{"line":211,"column":58}},"62":{"start":{"line":214,"column":8},"end":{"line":214,"column":19}},"63":{"start":{"line":220,"column":8},"end":{"line":220,"column":9659}},"64":{"start":{"line":221,"column":12},"end":{"line":221,"column":51}},"65":{"start":{"line":222,"column":12},"end":{"line":222,"column":9785}},"66":{"start":{"line":224,"column":16},"end":{"line":224,"column":9961}},"67":{"start":{"line":226,"column":20},"end":{"line":226,"column":164}},"68":{"start":{"line":228,"column":20},"end":{"line":228,"column":77}},"69":{"start":{"line":231,"column":14},"end":{"line":231,"column":10477}},"70":{"start":{"line":232,"column":12},"end":{"line":232,"column":51}},"71":{"start":{"line":233,"column":12},"end":{"line":233,"column":10603}},"72":{"start":{"line":235,"column":16},"end":{"line":235,"column":10778}},"73":{"start":{"line":237,"column":20},"end":{"line":237,"column":83}},"74":{"start":{"line":238,"column":20},"end":{"line":238,"column":11101}},"75":{"start":{"line":239,"column":23},"end":{"line":239,"column":117}},"76":{"start":{"line":241,"column":23},"end":{"line":241,"column":117}},"77":{"start":{"line":244,"column":20},"end":{"line":244,"column":77}}},"branchMap":{"1":{"line":60,"type":"if","locations":[{"start":{"line":60,"column":8},"end":{"line":60,"column":8}},{"start":{"line":60,"column":8},"end":{"line":60,"column":8}}]},"2":{"line":63,"type":"if","locations":[{"start":{"line":63,"column":12},"end":{"line":63,"column":12}},{"start":{"line":63,"column":12},"end":{"line":63,"column":12}}]},"3":{"line":79,"type":"if","locations":[{"start":{"line":79,"column":8},"end":{"line":79,"column":8}},{"start":{"line":79,"column":8},"end":{"line":79,"column":8}}]},"4":{"line":83,"type":"if","locations":[{"start":{"line":83,"column":16},"end":{"line":83,"column":16}},{"start":{"line":83,"column":16},"end":{"line":83,"column":16}}]},"5":{"line":93,"type":"if","locations":[{"start":{"line":93,"column":12},"end":{"line":93,"column":12}},{"start":{"line":93,"column":12},"end":{"line":93,"column":12}}]},"6":{"line":103,"type":"if","locations":[{"start":{"line":103,"column":16},"end":{"line":103,"column":16}},{"start":{"line":103,"column":16},"end":{"line":103,"column":16}}]},"7":{"line":113,"type":"if","locations":[{"start":{"line":113,"column":12},"end":{"line":113,"column":12}},{"start":{"line":113,"column":12},"end":{"line":113,"column":12}}]},"8":{"line":122,"type":"if","locations":[{"start":{"line":122,"column":8},"end":{"line":122,"column":8}},{"start":{"line":122,"column":8},"end":{"line":122,"column":8}}]},"9":{"line":131,"type":"if","locations":[{"start":{"line":131,"column":8},"end":{"line":131,"column":8}},{"start":{"line":131,"column":8},"end":{"line":131,"column":8}}]},"10":{"line":140,"type":"if","locations":[{"start":{"line":140,"column":8},"end":{"line":140,"column":8}},{"start":{"line":140,"column":8},"end":{"line":140,"column":8}}]},"11":{"line":143,"type":"if","locations":[{"start":{"line":143,"column":14},"end":{"line":143,"column":14}},{"start":{"line":143,"column":14},"end":{"line":143,"column":14}}]},"12":{"line":160,"type":"if","locations":[{"start":{"line":160,"column":8},"end":{"line":160,"column":8}},{"start":{"line":160,"column":8},"end":{"line":160,"column":8}}]},"13":{"line":175,"type":"if","locations":[{"start":{"line":175,"column":6},"end":{"line":175,"column":6}},{"start":{"line":175,"column":6},"end":{"line":175,"column":6}}]},"14":{"line":187,"type":"if","locations":[{"start":{"line":187,"column":8},"end":{"line":187,"column":8}},{"start":{"line":187,"column":8},"end":{"line":187,"column":8}}]},"15":{"line":198,"type":"if","locations":[{"start":{"line":198,"column":8},"end":{"line":198,"column":8}},{"start":{"line":198,"column":8},"end":{"line":198,"column":8}}]},"16":{"line":210,"type":"if","locations":[{"start":{"line":210,"column":12},"end":{"line":210,"column":12}},{"start":{"line":210,"column":12},"end":{"line":210,"column":12}}]},"17":{"line":220,"type":"if","locations":[{"start":{"line":220,"column":8},"end":{"line":220,"column":8}},{"start":{"line":220,"column":8},"end":{"line":220,"column":8}}]},"18":{"line":224,"type":"if","locations":[{"start":{"line":224,"column":16},"end":{"line":224,"column":16}},{"start":{"line":224,"column":16},"end":{"line":224,"column":16}}]},"19":{"line":231,"type":"if","locations":[{"start":{"line":231,"column":14},"end":{"line":231,"column":14}},{"start":{"line":231,"column":14},"end":{"line":231,"column":14}}]},"20":{"line":235,"type":"if","locations":[{"start":{"line":235,"column":16},"end":{"line":235,"column":16}},{"start":{"line":235,"column":16},"end":{"line":235,"column":16}}]},"21":{"line":238,"type":"if","locations":[{"start":{"line":238,"column":20},"end":{"line":238,"column":20}},{"start":{"line":238,"column":20},"end":{"line":238,"column":20}}]}}}}